<?xml version="1.0" encoding="utf-8"?><testsuites name="pytest tests"><testsuite name="pytest" errors="0" failures="0" skipped="0" tests="1" time="0.032" timestamp="2025-08-21T18:39:55.892421+03:00" hostname="Dans-MacBook-Pro.local"><testcase classname="tests.test_hello" name="test_hello" time="0.001" /></testsuite></testsuites>